0 info it worked if it ends with ok
1 verbose cli [ 'D:\\nodejs\\node.exe',
1 verbose cli   'D:\\nodejs\\node_modules\\npm\\bin\\npm-cli.js',
1 verbose cli   'start' ]
2 info using npm@3.4.0
3 info using node@v4.0.0
4 verbose run-script [ 'prestart', 'start', 'poststart' ]
5 info lifecycle simple-restful-server@0.0.0~prestart: simple-restful-server@0.0.0
6 silly lifecycle simple-restful-server@0.0.0~prestart: no script for prestart, continuing
7 info lifecycle simple-restful-server@0.0.0~start: simple-restful-server@0.0.0
8 verbose lifecycle simple-restful-server@0.0.0~start: unsafe-perm in lifecycle true
9 verbose lifecycle simple-restful-server@0.0.0~start: PATH: D:\nodejs\node_modules\npm\bin\node-gyp-bin;E:\Study\simple-restful-server\node_modules\.bin;D:\Git\mingw64\bin;D:\Git\usr\bin;C:\Users\admin\bin;D:\Java8\jdk1.8.0_65\bin;D:\Java8\jre1.8.0_65\bin;D:\apache-maven-3.2.5\bin;D:\nodejs;E:\Repository\node\global;%USERPROFILE%\.dnx\bin;C:\Program Files\Microsoft DNX\Dnvm;C:\Program Files\Microsoft SQL Server\120\Tools\Binn;C:\Program Files (x86)\Windows Kits\10\Windows Performance Toolkit;C:\Program Files (x86)\LuaRocks\2.2;.;D:\Lua\5.1;C:\Windows\system32;C:\Windows;C:\Windows\system32\wbem;C:\Program Files\MongoDB\Server\3.0\bin;D:\electron-v1.2.7-win32-ia32;D:\nwjs-sdk-v0.15.4-win-x64;D:\2345Soft\HaoZip;C:\Windows\System32;.;D:\CodeBlocks\MinGW\bin;C:\Users\admin\AppData\Roaming\npm;C:\Users\admin\AppData\Local\atom\bin
10 verbose lifecycle simple-restful-server@0.0.0~start: CWD: E:\Study\simple-restful-server
11 silly lifecycle simple-restful-server@0.0.0~start: Args: [ '/d /s /c', 'node ./bin/www' ]
12 silly lifecycle simple-restful-server@0.0.0~start: Returned: code: 1  signal: null
13 info lifecycle simple-restful-server@0.0.0~start: Failed to exec start script
14 verbose stack Error: simple-restful-server@0.0.0 start: `node ./bin/www`
14 verbose stack Exit status 1
14 verbose stack     at EventEmitter.<anonymous> (D:\nodejs\node_modules\npm\lib\utils\lifecycle.js:232:16)
14 verbose stack     at emitTwo (events.js:87:13)
14 verbose stack     at EventEmitter.emit (events.js:172:7)
14 verbose stack     at ChildProcess.<anonymous> (D:\nodejs\node_modules\npm\lib\utils\spawn.js:24:14)
14 verbose stack     at emitTwo (events.js:87:13)
14 verbose stack     at ChildProcess.emit (events.js:172:7)
14 verbose stack     at maybeClose (internal/child_process.js:817:16)
14 verbose stack     at Process.ChildProcess._handle.onexit (internal/child_process.js:211:5)
15 verbose pkgid simple-restful-server@0.0.0
16 verbose cwd E:\Study\simple-restful-server
17 error Windows_NT 6.1.7601
18 error argv "D:\\nodejs\\node.exe" "D:\\nodejs\\node_modules\\npm\\bin\\npm-cli.js" "start"
19 error node v4.0.0
20 error npm  v3.4.0
21 error code ELIFECYCLE
22 error simple-restful-server@0.0.0 start: `node ./bin/www`
22 error Exit status 1
23 error Failed at the simple-restful-server@0.0.0 start script 'node ./bin/www'.
23 error Make sure you have the latest version of node.js and npm installed.
23 error If you do, this is most likely a problem with the simple-restful-server package,
23 error not with npm itself.
23 error Tell the author that this fails on your system:
23 error     node ./bin/www
23 error You can get their info via:
23 error     npm owner ls simple-restful-server
23 error There is likely additional logging output above.
24 verbose exit [ 1, true ]
